[1120140]	: Request u=|test| p=|admin| pass_md5=|0a61738283f733f2d79da5081c44591712edf195|.
[1415546987]	: Request u=|aliyyil| p=|123456| pass_md5=|9a9f06a73877922f7a81ceae0921dec85195d54c|.
[1415555842]	: Request u=|aliyyil| p=|123456| pass_md5=|9a9f06a73877922f7a81ceae0921dec85195d54c|.
[1415561647]	: Request u=|test| p=|admin| pass_md5=|0a61738283f733f2d79da5081c44591712edf195|.
[1415566381]	: Request u=|user1| p=|admin| pass_md5=|0a61738283f733f2d79da5081c44591712edf195|.
[1415566394]	: Request u=|test| p=|admin| pass_md5=|0a61738283f733f2d79da5081c44591712edf195|.
[1415577427]	: Request u=|user1| p=|admin| pass_md5=|0a61738283f733f2d79da5081c44591712edf195|.
[1415577431]	: Request u=|user1| p=|admin| pass_md5=|0a61738283f733f2d79da5081c44591712edf195|.
[Mon-11-2014 21:40:44]	: Request u=|test1| p=|admin| pass_md5=|0a61738283f733f2d79da5081c44591712edf195|.
[Mon-11-2014 21:40:49]	: Request u=|test| p=|admin| pass_md5=|0a61738283f733f2d79da5081c44591712edf195|.
[Mon-11-2014 23:14:53]	: Request u=|test| p=|admin| pass_md5=|0a61738283f733f2d79da5081c44591712edf195|.
[Tue-11-2014 03:31:31]	: Request u=|test| p=|admin| pass_md5=|0a61738283f733f2d79da5081c44591712edf195|.
[Tue-11-2014 03:32:45]	: Request u=|test| p=|admin| pass_md5=|0a61738283f733f2d79da5081c44591712edf195|.
[Tue-11-2014 03:34:32]	: Request u=|test| p=|admin| pass_md5=|0a61738283f733f2d79da5081c44591712edf195|.
[Tue-11-2014 03:34:53]	: Request u=|test| p=|admin| pass_md5=|0a61738283f733f2d79da5081c44591712edf195|.
[Tue-11-2014 03:39:41]	: Request u=|test| p=|admin| pass_md5=|0a61738283f733f2d79da5081c44591712edf195|.
[Tue-11-2014 03:47:11]	: Request u=|test| p=|admin| pass_md5=|0a61738283f733f2d79da5081c44591712edf195|.
[Tue-11-2014 04:03:25]	: Request u=|test| p=|admin| pass_md5=|0a61738283f733f2d79da5081c44591712edf195|.
[Tue-11-2014 04:05:57]	: Request u=|test| p=|admin| pass_md5=|0a61738283f733f2d79da5081c44591712edf195|.
[11-11-2014 04:18:44]	: Checktoken token=|| id=||.
[11-11-2014 04:32:15]	: Checktoken token=|| id=||.
[Tue-11-2014 04:33:01]	: Request u=|test| p=|admin| pass_md5=|0a61738283f733f2d79da5081c44591712edf195|.
[11-11-2014 04:34:41]	: Checktoken token=|| id=||.
[Tue-11-2014 04:36:10]	: Request u=|test| p=|admin| pass_md5=|0a61738283f733f2d79da5081c44591712edf195|.
[11-11-2014 04:41:03]	: Checktoken token=|| id=||.
[11-11-2014 04:42:36]	: Checktoken token=|| id=||.
[11-11-2014 04:48:55]	: Checktoken token=|ac6ab3b1cefc7bec72ec6910c14071b9| id=|142|.
[11-11-2014 04:50:50]	: Checktoken token=|ac6ab3b1cefc7bec72ec6910c14071b9| id=|142|.
[11-11-2014 04:54:13]	: Checktoken token=|ac6ab3b1cefc7bec72ec6910c14071b9| id=|142|.
[11-11-2014 05:36:39]	: Checktoken token=|ac6ab3b1cefc7bec72ec6910c14071b9| id=|142|.
[11-11-2014 05:47:43]	: Checktoken token=|ac6ab3b1cefc7bec72ec6910c14071b9| id=|142|.
[11-11-2014 05:50:03]	: Checktoken token=|ac6ab3b1cefc7bec72ec6910c14071b9| id=|142|.
[11-11-2014 05:59:58]	: Checktoken token=|ac6ab3b1cefc7bec72ec6910c14071b9| id=|142|.
[11-11-2014 06:01:28]	: Checktoken token=|ac6ab3b1cefc7bec72ec6910c14071b9| id=|142|.
[Tue-11-2014 06:07:56]	: Request u=|test| p=|admin| pass_md5=|0a61738283f733f2d79da5081c44591712edf195|.
[11-11-2014 06:08:03]	: Checktoken token=|e5ede0f64b5cae468332a5b618a46f9a| id=|142|.
[11-11-2014 06:08:40]	: Checktoken token=|e5ede0f64b5cae468332a5b618a46f9a| id=|142|.
[11-11-2014 06:10:54]	: Checktoken token=|e5ede0f64b5cae468332a5b618a46f9a| id=|142|.
[11-11-2014 06:11:08]	: Checktoken token=|e5ede0f64b5cae468332a5b618a46f9a| id=|142|.
